{"level":"error","message":"FirebaseError: [code=invalid-argument]: Function collection() cannot be called with an empty path.","httpStatus":"500","ip":"::1","url":"/v1/todos","method":"POST","timestamp":"14-12-2023 13:18:5"}
{"level":"error","message":"TypeError: db.collection is not a function","httpStatus":"500","ip":"::1","url":"/v1/todos","method":"POST","timestamp":"14-12-2023 13:18:25"}
{"level":"error","message":"TypeError: Cannot read property 'indexOf' of undefined","httpStatus":"500","ip":"::1","url":"/v1/todos/get/","method":"GET","timestamp":"14-12-2023 13:34:7"}
{"level":"error","message":"ReferenceError: NotFoundError is not defined","httpStatus":"500","ip":"::1","url":"/v1/todos/get/06e7901b-704c-42d5-b2","method":"GET","timestamp":"14-12-2023 13:36:5"}
{"level":"error","message":"NotFoundError: Todo not found","httpStatus":"404","ip":"::1","url":"/v1/todos/get/06e7901b-704c-42d5-b2","method":"GET","timestamp":"14-12-2023 13:36:34"}
{"level":"error","message":"ReferenceError: todo_namea is not defined","httpStatus":"500","ip":"::1","url":"/v1/todos","method":"POST","timestamp":"14-12-2023 14:29:20"}
{"level":"error","message":"TypeError: getDocs(...).limit is not a function","httpStatus":"500","ip":"::1","url":"/v1/todos","method":"GET","timestamp":"14-12-2023 16:17:37"}
{"level":"error","message":"TypeError: collection(...).limit is not a function","httpStatus":"500","ip":"::1","url":"/v1/todos","method":"GET","timestamp":"14-12-2023 16:17:49"}
{"level":"error","message":"TypeError: db.collection is not a function","httpStatus":"500","ip":"::1","url":"/v1/todos","method":"GET","timestamp":"14-12-2023 16:28:24"}
{"level":"error","message":"FirebaseError: [code=invalid-argument]: Invalid document reference. Document references must have an even number of segments, but todo has 1.","httpStatus":"500","ip":"::1","url":"/v1/todos","method":"GET","timestamp":"14-12-2023 16:28:53"}
{"level":"error","message":"TypeError: todos.where is not a function","httpStatus":"500","ip":"::1","url":"/v1/todos","method":"GET","timestamp":"14-12-2023 16:30:41"}
{"level":"error","message":"TypeError: getDoc(...).limit is not a function","httpStatus":"500","ip":"::1","url":"/v1/todos/get/06e7901b-704c-42d5-b2ca-3e157c054fb8a","method":"GET","timestamp":"14-12-2023 16:34:22"}
{"level":"error","message":"NotFoundError: Todo not found","httpStatus":"404","ip":"::1","url":"/v1/todos/get/06e7901b-704c-42d5-b2ca-3e157c054fb8a","method":"GET","timestamp":"14-12-2023 16:34:27"}
{"level":"error","message":"ReferenceError: doc is not defined","httpStatus":"500","ip":"::1","url":"/v1/todos/get/06e7901b-704c-42d5-b2ca-3e157c054fb8","method":"GET","timestamp":"14-12-2023 16:50:14"}
{"level":"error","message":"ReferenceError: docSnap is not defined","httpStatus":"500","ip":"::1","url":"/v1/todos/get/06e7901b-704c-42d5-b2ca-3e157c054fb8","method":"GET","timestamp":"14-12-2023 16:53:14"}
{"level":"error","message":"SyntaxError: Unexpected token \n in JSON at position 38","httpStatus":"400","ip":"::1","url":"/v1/todos/9bcc4932-3b03-444a-9de2-7d500cb59471","method":"PUT","timestamp":"14-12-2023 16:58:34"}
{"level":"error","message":"SyntaxError: Unexpected token \n in JSON at position 38","httpStatus":"400","ip":"::1","url":"/v1/todos/9bcc4932-3b03-444a-9de2-7d500cb59471","method":"PUT","timestamp":"14-12-2023 16:59:29"}
{"level":"error","message":"SyntaxError: Unexpected token \n in JSON at position 38","httpStatus":"400","ip":"::1","url":"/v1/todos/9bcc4932-3b03-444a-9de2-7d500cb59471","method":"PUT","timestamp":"14-12-2023 17:0:1"}
{"level":"error","message":"SyntaxError: Unexpected token \n in JSON at position 38","httpStatus":"400","ip":"::1","url":"/v1/todos/9bcc4932-3b03-444a-9de2-7d500cb59471","method":"PUT","timestamp":"14-12-2023 17:0:31"}
{"level":"error","message":"SyntaxError: Unexpected token \n in JSON at position 38","httpStatus":"400","ip":"::1","url":"/v1/todos/9bcc4932-3b03-444a-9de2-7d500cb59471","method":"PUT","timestamp":"14-12-2023 17:0:39"}
{"level":"error","message":"ServerError: Error update data","httpStatus":"500","ip":"::1","url":"/v1/todos/9bcc4932-3b03-444a-9de2-7d500cb59471","method":"PUT","timestamp":"14-12-2023 17:0:45"}
{"level":"error","message":"TypeError: docRef.where is not a function","httpStatus":"500","ip":"::1","url":"/v1/todos/get/06e7901b-704c-42d5-b2ca-3e157c054fb8","method":"GET","timestamp":"14-12-2023 22:33:46"}
{"level":"error","message":"ServerError: Error Update data","httpStatus":"500","ip":"::1","url":"/v1/todos/9bcc4932-3b03-444a-9de2-7d500cb59471","method":"PUT","timestamp":"14-12-2023 22:37:21"}
{"level":"error","message":"TypeError: check.doc is not a function","httpStatus":"500","ip":"::1","url":"/v1/todos/06ad369d-0461-4596-9cd9-3766b4542248","method":"DELETE","timestamp":"14-12-2023 22:47:46"}
{"level":"error","message":"TypeError: check.doc is not a function","httpStatus":"500","ip":"::1","url":"/v1/todos/06ad369d-0461-4596-9cd9-3766b4542248","method":"DELETE","timestamp":"14-12-2023 22:47:47"}
{"level":"error","message":"InvariantError: UUID already deleted","httpStatus":"200","ip":"::1","url":"/v1/todos/06ad369d-0461-4596-9cd9-3766b4542248","method":"DELETE","timestamp":"14-12-2023 22:47:55"}
{"level":"error","message":"NotFoundError: UUID does not exist","httpStatus":"404","ip":"::1","url":"/v1/todos/06ad369d-0461-4596-9cd9-3766b454224812","method":"DELETE","timestamp":"14-12-2023 22:48:2"}
{"level":"error","message":"TypeError: db.collection(...).doc(...).where is not a function","httpStatus":"500","ip":"::1","url":"/v1/todos/9bcc4932-3b03-444a-9de2-7d500cb59471","method":"PUT","timestamp":"14-12-2023 22:52:28"}
{"level":"error","message":"NotFoundError: Todo does not exist","httpStatus":"404","ip":"::1","url":"/v1/todos/9bcc4932-3b03-444a-9de2-7d500cb59471","method":"PUT","timestamp":"14-12-2023 22:53:23"}
{"level":"error","message":"BadRequestError: UUID is required","httpStatus":"400","ip":"::1","url":"/v1/todos/get/","method":"GET","timestamp":"14-12-2023 22:54:37"}
{"level":"error","message":"NotFoundError: Todo not found","httpStatus":"404","ip":"::1","url":"/v1/todos/get/06e7901b-704c-42d5-b2ca-3e157c054fb8","method":"GET","timestamp":"14-12-2023 22:55:32"}
